生成启动时间为 2014/8/17 19:58:58。
     1>项目“G:\我的程序\原始代码\socket_service.vcxproj”在节点 2 上(build 个目标)。
     1>InitializeBuildStatus:
         正在创建“.\Debug\socket_service.unsuccessfulbuild”，因为已指定“AlwaysCreate”。
       ClCompile:
         D:\软件\VS2010\VC\bin\CL.exe /c /ZI /nologo /W3 /WX- /Od /Oy- /D WIN32 /D _DEBUG /D _CONSOLE /D _VC80_UPGRADE=0x0600 /D _MBCS /D _AFXDLL /Gm /EHsc /RTC1 /MDd /GS /Gy- /fp:precise /Zc:wchar_t /Zc:forScope /Fo".\Debug\\" /Fd".\Debug\vc100.pdb" /Gd /TP /analyze- /errorReport:prompt socket_service.cpp
         socket_service.cpp
         _WIN32_WINNT not defined. Defaulting to _WIN32_WINNT_MAXVER (see WinSDKVer.h)
     1>g:\我的程序\原始代码\socket_service.cpp(65): warning C4996: 'strcpy': This function or variable may be unsafe. Consider using strcpy_s instead. To disable deprecation, use _CRT_SECURE_NO_WARNINGS. See online help for details.
                 d:\软件\vs2010\vc\include\string.h(105) : 参见“strcpy”的声明
     1>g:\我的程序\原始代码\socket_service.cpp(66): warning C4996: 'strcat': This function or variable may be unsafe. Consider using strcat_s instead. To disable deprecation, use _CRT_SECURE_NO_WARNINGS. See online help for details.
                 d:\软件\vs2010\vc\include\string.h(110) : 参见“strcat”的声明
     1>g:\我的程序\原始代码\socket_service.cpp(67): warning C4996: 'fopen': This function or variable may be unsafe. Consider using fopen_s instead. To disable deprecation, use _CRT_SECURE_NO_WARNINGS. See online help for details.
                 d:\软件\vs2010\vc\include\stdio.h(234) : 参见“fopen”的声明
       ManifestResourceCompile:
         C:\Program Files (x86)\Microsoft SDKs\Windows\v7.0A\bin\rc.exe /nologo /fo".\Debug\socket_service.exe.embed.manifest.res" .\Debug\socket_service_manifest.rc 
       Link:
         D:\软件\VS2010\VC\bin\link.exe /ERRORREPORT:PROMPT /OUT:".\Debug\socket_service.exe" /INCREMENTAL /NOLOGO /MANIFEST /ManifestFile:".\Debug\socket_service.exe.intermediate.manifest" /MANIFESTUAC:"level='asInvoker' uiAccess='false'" /DEBUG /PDB:"G:\我的程序\原始代码\Debug\socket_service.pdb" /SUBSYSTEM:CONSOLE /TLBID:1 /DYNAMICBASE /NXCOMPAT /IMPLIB:".\Debug\socket_service.lib" /MACHINE:X86 .\Debug\socket_service.exe.embed.manifest.res
         .\Debug\socket_service.obj
     1>LINK : warning LNK4076: 增量状态文件“.\Debug\socket_service.ilk”无效(将删除)；正以非增量方式链接
       Manifest:
         C:\Program Files (x86)\Microsoft SDKs\Windows\v7.0A\bin\mt.exe /nologo /verbose /out:".\Debug\socket_service.exe.embed.manifest" /manifest .\Debug\socket_service.exe.intermediate.manifest "D:\软件\VS2010\VC\Include\Manifest\dpiaware.manifest"
         C:\Program Files (x86)\Microsoft SDKs\Windows\v7.0A\bin\rc.exe /nologo /fo".\Debug\socket_service.exe.embed.manifest.res" .\Debug\socket_service_manifest.rc 
       LinkEmbedManifest:
         D:\软件\VS2010\VC\bin\link.exe /ERRORREPORT:PROMPT /OUT:".\Debug\socket_service.exe" /INCREMENTAL /NOLOGO /MANIFEST /ManifestFile:".\Debug\socket_service.exe.intermediate.manifest" /MANIFESTUAC:"level='asInvoker' uiAccess='false'" /DEBUG /PDB:"G:\我的程序\原始代码\Debug\socket_service.pdb" /SUBSYSTEM:CONSOLE /TLBID:1 /DYNAMICBASE /NXCOMPAT /IMPLIB:".\Debug\socket_service.lib" /MACHINE:X86 .\Debug\socket_service.exe.embed.manifest.res
         .\Debug\socket_service.obj
         socket_service.vcxproj -> G:\我的程序\原始代码\.\Debug\socket_service.exe
       FinalizeBuildStatus:
         正在删除文件“.\Debug\socket_service.unsuccessfulbuild”。
         正在对“.\Debug\socket_service.lastbuildstate”执行 Touch 任务。
     1>已完成生成项目“G:\我的程序\原始代码\socket_service.vcxproj”(build 个目标)的操作。

生成成功。

已用时间 00:00:04.57
